<?xml version="1.0" encoding="UTF-8"?>
<testng-results ignored="0" total="1" passed="1" failed="0" skipped="0">
  <reporter-output>
  </reporter-output>
  <suite started-at="2026-06-15T15:50:43 IST" name="Default suite" finished-at="2026-06-15T15:50:47 IST" duration-ms="4263">
    <groups>
    </groups>
    <test started-at="2026-06-15T15:50:43 IST" name="Default test" finished-at="2026-06-15T15:50:47 IST" duration-ms="4263">
      <class name="com.tests.ApiValiation">
        <test-method signature="f()[pri:0, instance:com.tests.ApiValiation@1bb5a082]" started-at="2026-06-15T15:50:43 IST" name="f" finished-at="2026-06-15T15:50:47 IST" duration-ms="4190" status="PASS">
          <reporter-output>
          </reporter-output>
        </test-method> <!-- f -->
      </class> <!-- com.tests.ApiValiation -->
    </test> <!-- Default test -->
  </suite> <!-- Default suite -->
</testng-results>
