<?xml version="1.0" encoding="UTF-8"?>
<!-- Generated by org.testng.reporters.JUnitReportReporter -->
<testsuite hostname="LAPTOP-3N95FSOV" failures="0" tests="5" name="com.tests.Login" time="21.920" errors="0" timestamp="2026-06-22T20:11:15 IST" skipped="0">
  <testcase classname="com.tests.Login" name="Post_Login_BlankPassword" time="4.531"/>
  <testcase classname="com.tests.Login" name="Post_Login_InvalidCredentials" time="3.479"/>
  <testcase classname="com.tests.Login" name="Post_Login" time="7.991"/>
  <testcase classname="com.tests.Login" name="Post_Login_BlankEmail" time="1.849"/>
  <testcase classname="com.tests.Login" name="Post_Login_BlankFields" time="4.070"/>
</testsuite> <!-- com.tests.Login -->
