<?xml version="1.0" encoding="UTF-8"?>
<!-- Generated by org.testng.reporters.JUnitReportReporter -->
<testsuite hostname="LAPTOP-3N95FSOV" failures="0" tests="4" name="com.tests.getAllRole" time="41.823" errors="0" timestamp="2026-06-22T20:27:19 IST" skipped="0">
  <testcase classname="com.tests.getAllRole" name="authenticate_post" time="9.895"/>
  <testcase classname="com.tests.getAllRole" name="get_role" time="17.145"/>
  <testcase classname="com.tests.getAllRole" name="get_role_invalid_token" time="7.572"/>
  <testcase classname="com.tests.getAllRole" name="get_role_invalid_endpoint" time="7.211"/>
</testsuite> <!-- com.tests.getAllRole -->
