<?xml version="1.0" encoding="UTF-8"?>
<!-- Generated by org.testng.reporters.JUnitReportReporter -->
<testsuite hostname="LAPTOP-3N95FSOV" failures="0" tests="3" name="com.tests.getAllCourse" time="26.547" errors="0" timestamp="2026-06-22T20:33:54 IST" skipped="0">
  <testcase classname="com.tests.getAllCourse" name="authenticate_post" time="8.655"/>
  <testcase classname="com.tests.getAllCourse" name="get_course" time="12.380"/>
  <testcase classname="com.tests.getAllCourse" name="get_course_without_token" time="5.512"/>
</testsuite> <!-- com.tests.getAllCourse -->
